<?xml version="1.0" encoding="UTF-8"?>
<!-- Generated by org.testng.reporters.JUnitReportReporter -->
<testsuite skipped="0" hostname="User-PC" name="com.samapti.learning.seleniumtest.ValidateFacebookTest" tests="1" failures="0" timestamp="25 Feb 2018 04:36:04 GMT" time="25.223" errors="0">
  <testcase name="validateGogle" time="25.223" classname="com.samapti.learning.seleniumtest.ValidateFacebookTest"/>
</testsuite> <!-- com.samapti.learning.seleniumtest.ValidateFacebookTest -->
