<?xml version="1.0" encoding="UTF-8"?>
<!-- Generated by org.testng.reporters.JUnitReportReporter -->
<testsuite skipped="0" hostname="User-PC" name="com.samapti.learning.seleniumtest.ValidateFrames" tests="1" failures="0" timestamp="26 Feb 2018 13:47:43 GMT" time="21.550" errors="0">
  <testcase name="validateFrames" time="21.550" classname="com.samapti.learning.seleniumtest.ValidateFrames"/>
</testsuite> <!-- com.samapti.learning.seleniumtest.ValidateFrames -->
