<?xml version="1.0" encoding="UTF-8"?>
<!-- Generated by org.testng.reporters.JUnitReportReporter -->
<testsuite skipped="0" hostname="User-PC" name="com.samapti.learning.seleniumtest.RegisterFacebookAcct" tests="1" failures="0" timestamp="25 Feb 2018 04:03:24 GMT" time="24.567" errors="0">
  <testcase name="validateGogle" time="24.567" classname="com.samapti.learning.seleniumtest.RegisterFacebookAcct"/>
</testsuite> <!-- com.samapti.learning.seleniumtest.RegisterFacebookAcct -->
