<?xml version="1.0" encoding="UTF-8"?>
<!-- Generated by org.testng.reporters.JUnitReportReporter -->
<testsuite skipped="0" hostname="User-PC" name="com.samapti.learning.seleniumtest.AlertTest" tests="1" failures="0" timestamp="26 Feb 2018 14:43:23 GMT" time="27.527" errors="0">
  <testcase name="validateGogle" time="27.527" classname="com.samapti.learning.seleniumtest.AlertTest"/>
</testsuite> <!-- com.samapti.learning.seleniumtest.AlertTest -->
