<?xml version="1.0" encoding="UTF-8"?>
<!-- Generated by org.testng.reporters.JUnitReportReporter -->
<testsuite skipped="0" hostname="User-PC" name="com.samapti.learning.seleniumtest.WindowsTest" tests="1" failures="0" timestamp="26 Feb 2018 14:34:08 GMT" time="17.801" errors="0">
  <testcase name="validateGogle" time="17.801" classname="com.samapti.learning.seleniumtest.WindowsTest"/>
</testsuite> <!-- com.samapti.learning.seleniumtest.WindowsTest -->
